# JRE version: Java(TM) SE Runtime Environment (8.0_221-b11) (build 1.8.0_221-b11)
# Java VM: Java HotSpot(TM) 64-Bit Server VM (25.221-b11 mixed mode windows-amd64 compressed oops)
Heap:
 PSYoungGen      total 223744K, used 158849K [0x00000000d6700000, 0x00000000e8300000, 0x0000000100000000)
  eden space 208384K, 72% used [0x00000000d6700000,0x00000000dfa36070,0x00000000e3280000)
  from space 15360K, 52% used [0x00000000e3280000,0x00000000e3a6a710,0x00000000e4180000)
  to   space 14848K, 0% used [0x00000000e7480000,0x00000000e7480000,0x00000000e8300000)
 ParOldGen       total 81920K, used 28422K [0x0000000083400000, 0x0000000088400000, 0x00000000d6700000)
  object space 81920K, 34% used [0x0000000083400000,0x0000000084fc1b18,0x0000000088400000)
 Metaspace       used 61191K, capacity 65006K, committed 65280K, reserved 1105920K
  class space    used 8526K, capacity 9197K, committed 9216K, reserved 1048576K
GC Heap History (10 events):
Event: 173.785 GC heap before
{Heap before GC invocations=17 (full 4):
 PSYoungGen      total 224768K, used 189558K [0x00000000d6700000, 0x00000000e5280000, 0x0000000100000000)
  eden space 208384K, 90% used [0x00000000d6700000,0x00000000e201d948,0x00000000e3280000)
  from space 16384K, 0% used [0x00000000e4280000,0x00000000e4280000,0x00000000e5280000)
  to   space 16384K, 0% used [0x00000000e3280000,0x00000000e3280000,0x00000000e4280000)
 ParOldGen       total 81920K, used 24504K [0x0000000083400000, 0x0000000088400000, 0x00000000d6700000)
  object space 81920K, 29% used [0x0000000083400000,0x0000000084bee040,0x0000000088400000)
 Metaspace       used 55416K, capacity 58970K, committed 59136K, reserved 1099776K
  class space    used 7823K, capacity 8427K, committed 8448K, reserved 1048576K
Event: 173.794 GC heap after
Heap after GC invocations=17 (full 4):
 PSYoungGen      total 215040K, used 6231K [0x00000000d6700000, 0x00000000e5180000, 0x0000000100000000)
  eden space 208384K, 0% used [0x00000000d6700000,0x00000000d6700000,0x00000000e3280000)
  from space 6656K, 93% used [0x00000000e3280000,0x00000000e3895d80,0x00000000e3900000)
  to   space 15872K, 0% used [0x00000000e4200000,0x00000000e4200000,0x00000000e5180000)
 ParOldGen       total 81920K, used 24512K [0x0000000083400000, 0x0000000088400000, 0x00000000d6700000)
  object space 81920K, 29% used [0x0000000083400000,0x0000000084bf0040,0x0000000088400000)
 Metaspace       used 55416K, capacity 58970K, committed 59136K, reserved 1099776K
  class space    used 7823K, capacity 8427K, committed 8448K, reserved 1048576K
}
Event: 173.794 GC heap before
{Heap before GC invocations=18 (full 5):
 PSYoungGen      total 215040K, used 6231K [0x00000000d6700000, 0x00000000e5180000, 0x0000000100000000)
  eden space 208384K, 0% used [0x00000000d6700000,0x00000000d6700000,0x00000000e3280000)
  from space 6656K, 93% used [0x00000000e3280000,0x00000000e3895d80,0x00000000e3900000)
  to   space 15872K, 0% used [0x00000000e4200000,0x00000000e4200000,0x00000000e5180000)
 ParOldGen       total 81920K, used 24512K [0x0000000083400000, 0x0000000088400000, 0x00000000d6700000)
  object space 81920K, 29% used [0x0000000083400000,0x0000000084bf0040,0x0000000088400000)
 Metaspace       used 55416K, capacity 58970K, committed 59136K, reserved 1099776K
  class space    used 7823K, capacity 8427K, committed 8448K, reserved 1048576K
Event: 174.041 GC heap after
Heap after GC invocations=18 (full 5):
 PSYoungGen      total 215040K, used 0K [0x00000000d6700000, 0x00000000e5180000, 0x0000000100000000)
  eden space 208384K, 0% used [0x00000000d6700000,0x00000000d6700000,0x00000000e3280000)
  from space 6656K, 0% used [0x00000000e3280000,0x00000000e3280000,0x00000000e3900000)
  to   space 15872K, 0% used [0x00000000e4200000,0x00000000e4200000,0x00000000e5180000)
 ParOldGen       total 81920K, used 26417K [0x0000000083400000, 0x0000000088400000, 0x00000000d6700000)
  object space 81920K, 32% used [0x0000000083400000,0x0000000084dcc718,0x0000000088400000)
 Metaspace       used 55406K, capacity 58952K, committed 59136K, reserved 1099776K
  class space    used 7821K, capacity 8423K, committed 8448K, reserved 1048576K
}
Event: 204.669 GC heap before
{Heap before GC invocations=19 (full 5):
 PSYoungGen      total 215040K, used 182176K [0x00000000d6700000, 0x00000000e5180000, 0x0000000100000000)
  eden space 208384K, 87% used [0x00000000d6700000,0x00000000e18e8110,0x00000000e3280000)
  from space 6656K, 0% used [0x00000000e3280000,0x00000000e3280000,0x00000000e3900000)
  to   space 15872K, 0% used [0x00000000e4200000,0x00000000e4200000,0x00000000e5180000)
 ParOldGen       total 81920K, used 26417K [0x0000000083400000, 0x0000000088400000, 0x00000000d6700000)
  object space 81920K, 32% used [0x0000000083400000,0x0000000084dcc718,0x0000000088400000)
 Metaspace       used 55899K, capacity 59610K, committed 59776K, reserved 1099776K
  class space    used 7881K, capacity 8511K, committed 8576K, reserved 1048576K
Event: 204.676 GC heap after
Heap after GC invocations=19 (full 5):
 PSYoungGen      total 223232K, used 4563K [0x00000000d6700000, 0x00000000e5080000, 0x0000000100000000)
  eden space 208384K, 0% used [0x00000000d6700000,0x00000000d6700000,0x00000000e3280000)
  from space 14848K, 30% used [0x00000000e4200000,0x00000000e4674ee0,0x00000000e5080000)
  to   space 15360K, 0% used [0x00000000e3280000,0x00000000e3280000,0x00000000e4180000)
 ParOldGen       total 81920K, used 26425K [0x0000000083400000, 0x0000000088400000, 0x00000000d6700000)
  object space 81920K, 32% used [0x0000000083400000,0x0000000084dce718,0x0000000088400000)
 Metaspace       used 55899K, capacity 59610K, committed 59776K, reserved 1099776K
  class space    used 7881K, capacity 8511K, committed 8576K, reserved 1048576K
}
Event: 204.676 GC heap before
{Heap before GC invocations=20 (full 6):
 PSYoungGen      total 223232K, used 4563K [0x00000000d6700000, 0x00000000e5080000, 0x0000000100000000)
  eden space 208384K, 0% used [0x00000000d6700000,0x00000000d6700000,0x00000000e3280000)
  from space 14848K, 30% used [0x00000000e4200000,0x00000000e4674ee0,0x00000000e5080000)
  to   space 15360K, 0% used [0x00000000e3280000,0x00000000e3280000,0x00000000e4180000)
 ParOldGen       total 81920K, used 26425K [0x0000000083400000, 0x0000000088400000, 0x00000000d6700000)
  object space 81920K, 32% used [0x0000000083400000,0x0000000084dce718,0x0000000088400000)
 Metaspace       used 55899K, capacity 59610K, committed 59776K, reserved 1099776K
  class space    used 7881K, capacity 8511K, committed 8576K, reserved 1048576K
Event: 204.995 GC heap after
Heap after GC invocations=20 (full 6):
 PSYoungGen      total 223232K, used 0K [0x00000000d6700000, 0x00000000e5080000, 0x0000000100000000)
  eden space 208384K, 0% used [0x00000000d6700000,0x00000000d6700000,0x00000000e3280000)
  from space 14848K, 0% used [0x00000000e4200000,0x00000000e4200000,0x00000000e5080000)
  to   space 15360K, 0% used [0x00000000e3280000,0x00000000e3280000,0x00000000e4180000)
 ParOldGen       total 81920K, used 28414K [0x0000000083400000, 0x0000000088400000, 0x00000000d6700000)
  object space 81920K, 34% used [0x0000000083400000,0x0000000084fbfb18,0x0000000088400000)
 Metaspace       used 55887K, capacity 59592K, committed 59776K, reserved 1099776K
  class space    used 7880K, capacity 8508K, committed 8576K, reserved 1048576K
}
Event: 346.004 GC heap before
{Heap before GC invocations=21 (full 6):
 PSYoungGen      total 223232K, used 208384K [0x00000000d6700000, 0x00000000e5080000, 0x0000000100000000)
  eden space 208384K, 100% used [0x00000000d6700000,0x00000000e3280000,0x00000000e3280000)
  from space 14848K, 0% used [0x00000000e4200000,0x00000000e4200000,0x00000000e5080000)
  to   space 15360K, 0% used [0x00000000e3280000,0x00000000e3280000,0x00000000e4180000)
 ParOldGen       total 81920K, used 28414K [0x0000000083400000, 0x0000000088400000, 0x00000000d6700000)
  object space 81920K, 34% used [0x0000000083400000,0x0000000084fbfb18,0x0000000088400000)
 Metaspace       used 57608K, capacity 61422K, committed 61568K, reserved 1101824K
  class space    used 8089K, capacity 8735K, committed 8832K, reserved 1048576K
Event: 346.011 GC heap after
Heap after GC invocations=21 (full 6):
 PSYoungGen      total 223744K, used 8105K [0x00000000d6700000, 0x00000000e8300000, 0x0000000100000000)
  eden space 208384K, 0% used [0x00000000d6700000,0x00000000d6700000,0x00000000e3280000)
  from space 15360K, 52% used [0x00000000e3280000,0x00000000e3a6a710,0x00000000e4180000)
  to   space 14848K, 0% used [0x00000000e7480000,0x00000000e7480000,0x00000000e8300000)
 ParOldGen       total 81920K, used 28422K [0x0000000083400000, 0x0000000088400000, 0x00000000d6700000)
  object space 81920K, 34% used [0x0000000083400000,0x0000000084fc1b18,0x0000000088400000)
 Metaspace       used 57608K, capacity 61422K, committed 61568K, reserved 1101824K
  class space    used 8089K, capacity 8735K, committed 8832K, reserved 1048576K
}

